[2026-05-28 15:56:24] Сервер запущен на порту 12345
[2026-05-28 15:56:36] Отправлено: Клиент Jon подключился к серверу
[2026-05-28 15:56:36] Клиент Jon присоединился к чату
[2026-05-28 15:56:45] Отправлено: HEl
[2026-05-28 15:56:45] Получено от Jon: HEl
[2026-05-28 15:56:52] Отправлено: Hello
[2026-05-28 15:56:52] Получено от Jon: Hello
[2026-05-28 15:56:57] Отправлено: exit (выход из чата)
[2026-05-28 15:56:57] Jon вышел из чата
[2026-05-28 15:56:57] Клиент Jon отключен. Активных: 0
[2026-05-28 16:18:04] Сервер запущен на порту 12346
[2026-05-28 16:18:04] Клиент null присоединился к чату
[2026-05-28 16:18:04] Клиент null отключен. Активных: 0
[2026-05-28 16:18:46] Сервер запущен на порту 12346
[2026-05-28 16:18:46] Тестовое сообщение
[2026-05-28 16:19:02] Сервер запущен на порту 12346
[2026-05-28 16:19:03] Клиент null отключен. Активных: 0
[2026-05-28 16:19:17] Сервер запущен на порту 12346
[2026-05-28 16:19:18] Клиент null отключен. Активных: 0
[2026-05-28 16:19:44] Сервер запущен на порту 12345
[2026-05-28 16:20:02] Сервер запущен на порту 12346
[2026-05-28 16:20:02] Тестовое сообщение
[2026-05-28 16:22:40] Сервер запущен на порту 12346
[2026-05-28 16:22:41] Клиент null присоединился к чату
[2026-05-28 16:22:41] Клиент null отключен. Активных: 0
[2026-05-28 16:22:55] Сервер запущен на порту 12346
[2026-05-28 16:23:32] Сервер запущен на порту 12346
[2026-05-28 16:23:34] Клиент null отключен. Активных: 0
[2026-05-28 16:23:54] Сервер запущен на порту 12346
[2026-05-28 16:23:55] Клиент null отключен. Активных: 0
[2026-05-28 16:24:26] Сервер запущен на порту 12345
[2026-05-28 16:24:42] Сервер запущен на порту 12346
[2026-05-28 16:24:43] Клиент null отключен. Активных: 0
[2026-05-28 16:25:08] Отправлено: Клиент Дуня подключился к серверу
[2026-05-28 16:25:08] Клиент Дуня присоединился к чату
[2026-05-28 16:25:18] Сервер запущен на порту 12346
[2026-05-28 16:25:20] Клиент null отключен. Активных: 0
[2026-05-28 16:26:56] Ошибка в клиенте Дуня: Connection reset
[2026-05-28 16:26:56] Клиент Дуня отключен. Активных: 0
[2026-05-28 16:30:44] Сервер запущен на порту 12347
[2026-05-28 16:30:45] Клиент null присоединился к чату
[2026-05-28 16:30:45] Клиент null отключен. Активных: 0
[2026-05-28 16:30:57] Сервер запущен на порту 12347
[2026-05-28 16:30:58] Клиент null присоединился к чату
[2026-05-28 16:30:58] Клиент null отключен. Активных: 0
[2026-05-28 16:56:00] Сервер запущен на порту 12345
[2026-05-28 16:58:06] Сервер запущен на порту 12346
[2026-05-28 16:58:06] Клиент null присоединился к чату
[2026-05-28 16:58:06] Клиент null отключен. Активных: 0
[2026-05-28 16:58:22] Сервер запущен на порту 12346
[2026-05-28 16:58:30] Сервер запущен на порту 12346
[2026-05-28 16:58:43] Сервер запущен на порту 12346
[2026-05-28 16:58:44] Клиент TestUser присоединился к чату
[2026-05-28 16:58:44] Получено от TestUser: Hello Server!
[2026-05-28 16:58:44] Клиент TestUser отключен. Активных: 0
[2026-05-28 17:00:44] Сервер запущен на порту 12347
[2026-05-28 17:00:44] Клиент IntegrationUser присоединился к чату
[2026-05-28 17:00:44] Получено от IntegrationUser: Test message
[2026-05-28 17:00:44] Клиент IntegrationUser отключен. Активных: 0
[2026-05-28 17:01:03] Сервер запущен на порту 12347
[2026-05-28 17:01:04] Клиент IntegrationUser присоединился к чату
[2026-05-28 17:01:04] Получено от IntegrationUser: Test message
[2026-05-28 17:01:04] IntegrationUser вышел из чата
[2026-05-28 17:01:04] Клиент IntegrationUser отключен. Активных: 0
[2026-05-28 17:01:16] Сервер запущен на порту 12345
[2026-05-28 17:01:40] Отправлено: Клиент Ольга подключился к серверу
[2026-05-28 17:01:40] Клиент Ольга присоединился к чату
[2026-05-28 17:01:47] Сервер запущен на порту 12347
[2026-05-28 17:01:48] Клиент IntegrationUser присоединился к чату
[2026-05-28 17:01:48] Получено от IntegrationUser: Test message
[2026-05-28 17:01:48] Клиент IntegrationUser отключен. Активных: 0
[2026-05-28 17:02:07] Сервер запущен на порту 12347
[2026-05-28 17:02:08] Клиент IntegrationUser присоединился к чату
[2026-05-28 17:02:08] Получено от IntegrationUser: Test message
[2026-05-28 17:02:08] Клиент IntegrationUser отключен. Активных: 0
[2026-05-28 17:02:15] Ошибка в клиенте Ольга: Connection reset
[2026-05-28 17:02:15] Клиент Ольга отключен. Активных: 0
[2026-05-28 17:12:28] Сервер запущен на порту 12347
[2026-05-28 17:12:28] Клиент IntegrationUser присоединился к чату
[2026-05-28 17:12:28] Получено от IntegrationUser: Test message
[2026-05-28 17:12:28] Клиент IntegrationUser отключен. Активных: 0
[2026-05-28 17:12:39] Сервер запущен на порту 12345
[2026-05-28 17:13:03] Отправлено: Пользователь Helen подключился к чату
[2026-05-28 17:13:03] Отправлено: Подключение к серверу localhost:12345
[2026-05-28 17:13:03] Клиент Helen присоединился к чату
[2026-05-28 17:13:13] Отправлено: ghb
[2026-05-28 17:13:13] Получено от Helen: ghb
[2026-05-28 17:13:52] Отправлено: exit
[2026-05-28 17:13:52] Helen вышел из чата
[2026-05-28 17:13:52] Клиент Helen отключен. Активных: 0
[2026-05-28 17:14:16] Отправлено: exit
[2026-05-28 17:14:21] Отправлено: hello
[2026-05-28 17:16:30] Сервер запущен на порту 12345
[2026-05-28 17:16:48] Отправлено: Пользователь Агата подключился к чату
[2026-05-28 17:16:48] Отправлено: Подключение к серверу localhost:12345
[2026-05-28 17:16:48] Клиент Агата присоединился к чату
[2026-05-28 17:16:56] Отправлено: exit
[2026-05-28 17:16:56] Агата вышел из чата
[2026-05-28 17:16:56] Клиент Агата отключен. Активных: 0
[2026-05-28 17:17:08] Сервер запущен на порту 12346
[2026-05-28 17:17:09] Ошибка в клиенте null: Программа на вашем хост-компьютере разорвала установленное подключение
[2026-05-28 17:17:09] Клиент null отключен. Активных: 0
[2026-05-28 17:17:09] Клиент TestUser присоединился к чату
[2026-05-28 17:17:09] Получено от TestUser: Hello Server!
[2026-05-28 17:17:09] Клиент TestUser отключен. Активных: 0
[2026-05-28 17:17:19] Сервер запущен на порту 12346
[2026-05-28 17:17:20] Клиент null присоединился к чату
[2026-05-28 17:17:20] Клиент null отключен. Активных: 0
[2026-05-28 17:17:28] Сервер запущен на порту 12346
[2026-05-28 17:17:36] Сервер запущен на порту 12346
[2026-05-28 17:17:43] Сервер запущен на порту 12346
[2026-05-28 17:17:43] Клиент TestUser присоединился к чату
[2026-05-28 17:17:43] Получено от TestUser: Hello Server!
[2026-05-28 17:17:43] Клиент TestUser отключен. Активных: 0
[2026-05-28 17:22:38] Сервер запущен на порту 12345
[2026-05-28 17:23:53] Отправлено: Пользователь Дуня подключился к чату
[2026-05-28 17:23:53] Отправлено: Подключение к серверу localhost:12345
[2026-05-28 17:23:53] Клиент Дуня присоединился к чату
[2026-05-28 17:38:21] Ошибка в клиенте Дуня: Connection reset
[2026-05-28 17:38:21] Клиент Дуня отключен. Активных: 0
[2026-05-28 17:51:39] Сервер запущен на порту 12345
[2026-05-28 17:52:22] Отправлено: Пользователь Nik подключился к чату
[2026-05-28 17:52:22] Отправлено: Подключение к серверу localhost:12345
[2026-05-28 17:52:22] Клиент Nik присоединился к чату
[2026-05-28 17:54:48] Ошибка в клиенте Nik: Connection reset
[2026-05-28 17:54:48] Клиент Nik отключен. Активных: 0
[2026-05-28 18:25:41] Сервер запущен на порту 12345
[2026-05-28 18:26:02] Отправлено: Пользователь Лена подключился к чату
[2026-05-28 18:26:02] Отправлено: Подключение к серверу localhost:12345
[2026-05-28 18:26:02] Клиент Лена присоединился к чату
[2026-05-28 18:27:42] Ошибка в клиенте Лена: Connection reset
[2026-05-28 18:27:42] Клиент Лена отключен. Активных: 0
[2026-05-28 18:28:03] Сервер запущен на порту 12345
[2026-05-28 18:36:08] Отправлено: Пользователь Лена подключился к чату
[2026-05-28 18:36:08] Отправлено: Подключение к серверу localhost:12345
[2026-05-28 18:36:08] Клиент Лена присоединился к чату
[2026-05-28 18:36:27] Отправлено: Пользователь Маша подключился к чату
[2026-05-28 18:36:27] Отправлено: Подключение к серверу localhost:12345
[2026-05-28 18:36:27] Клиент Маша присоединился к чату
[2026-05-28 18:36:27] Получено: Маша присоединился к чату!
[2026-05-28 18:36:45] Отправлено: Приыет Маша!
[2026-05-28 18:36:45] Получено от Лена: Приыет Маша!
[2026-05-28 18:36:45] Получено: Лена: Приыет Маша!
[2026-05-28 18:36:56] Отправлено: Приыет!
[2026-05-28 18:36:56] Получено от Маша: Приыет!
[2026-05-28 18:36:56] Получено: Маша: Приыет!
[2026-05-28 18:37:05] Ошибка в клиенте Маша: Connection reset
[2026-05-28 18:37:05] Клиент Маша отключен. Активных: 1
[2026-05-28 18:37:05] Получено: Маша покинул чат!
[2026-05-28 18:37:06] Отправлено: Соединение потеряно: Connection reset
